# JRE version: Java(TM) SE Runtime Environment (8.0_91-b14) (build 1.8.0_91-b14)
# Java VM: Java HotSpot(TM) Server VM (25.91-b14 mixed mode linux-x86 )
Heap:
 PSYoungGen      total 18944K, used 5826K [0xd1ac0000, 0xd3bc0000, 0xe7000000)
  eden space 16384K, 19% used [0xd1ac0000,0xd1df1198,0xd2ac0000)
  from space 2560K, 99% used [0xd2b00000,0xd2d7f7f0,0xd2d80000)
  to   space 6144K, 0% used [0xd35c0000,0xd35c0000,0xd3bc0000)
 ParOldGen       total 43776K, used 7168K [0xa7000000, 0xa9ac0000, 0xd1ac0000)
  object space 43776K, 16% used [0xa7000000,0xa7700358,0xa9ac0000)
 Metaspace       used 11594K, capacity 12180K, committed 12312K, reserved 12592K
GC Heap History (10 events):
Event: 0,404 GC heap before
{Heap before GC invocations=1 (full 0):
 PSYoungGen      total 19200K, used 16640K [0xd1ac0000, 0xd3000000, 0xe7000000)
  eden space 16640K, 100% used [0xd1ac0000,0xd2b00000,0xd2b00000)
  from space 2560K, 0% used [0xd2d80000,0xd2d80000,0xd3000000)
  to   space 2560K, 0% used [0xd2b00000,0xd2b00000,0xd2d80000)
 ParOldGen       total 43776K, used 0K [0xa7000000, 0xa9ac0000, 0xd1ac0000)
  object space 43776K, 0% used [0xa7000000,0xa7000000,0xa9ac0000)
 Metaspace       used 7592K, capacity 7988K, committed 8088K, reserved 8496K
Event: 0,409 GC heap after
Heap after GC invocations=1 (full 0):
 PSYoungGen      total 19200K, used 2240K [0xd1ac0000, 0xd4040000, 0xe7000000)
  eden space 16640K, 0% used [0xd1ac0000,0xd1ac0000,0xd2b00000)
  from space 2560K, 87% used [0xd2b00000,0xd2d30338,0xd2d80000)
  to   space 2560K, 0% used [0xd3dc0000,0xd3dc0000,0xd4040000)
 ParOldGen       total 43776K, used 8K [0xa7000000, 0xa9ac0000, 0xd1ac0000)
  object space 43776K, 0% used [0xa7000000,0xa7002000,0xa9ac0000)
 Metaspace       used 7592K, capacity 7988K, committed 8088K, reserved 8496K
}
Event: 711,089 GC heap before
{Heap before GC invocations=2 (full 0):
 PSYoungGen      total 19200K, used 18880K [0xd1ac0000, 0xd4040000, 0xe7000000)
  eden space 16640K, 100% used [0xd1ac0000,0xd2b00000,0xd2b00000)
  from space 2560K, 87% used [0xd2b00000,0xd2d30338,0xd2d80000)
  to   space 2560K, 0% used [0xd3dc0000,0xd3dc0000,0xd4040000)
 ParOldGen       total 43776K, used 8K [0xa7000000, 0xa9ac0000, 0xd1ac0000)
  object space 43776K, 0% used [0xa7000000,0xa7002000,0xa9ac0000)
 Metaspace       used 10521K, capacity 11084K, committed 11160K, reserved 11568K
Event: 711,095 GC heap after
Heap after GC invocations=2 (full 0):
 PSYoungGen      total 19200K, used 2547K [0xd1ac0000, 0xd4040000, 0xe7000000)
  eden space 16640K, 0% used [0xd1ac0000,0xd1ac0000,0xd2b00000)
  from space 2560K, 99% used [0xd3dc0000,0xd403cd98,0xd4040000)
  to   space 2560K, 0% used [0xd2b00000,0xd2b00000,0xd2d80000)
 ParOldGen       total 43776K, used 4066K [0xa7000000, 0xa9ac0000, 0xd1ac0000)
  object space 43776K, 9% used [0xa7000000,0xa73f89b0,0xa9ac0000)
 Metaspace       used 10521K, capacity 11084K, committed 11160K, reserved 11568K
}
Event: 732,406 GC heap before
{Heap before GC invocations=3 (full 0):
 PSYoungGen      total 19200K, used 19187K [0xd1ac0000, 0xd4040000, 0xe7000000)
  eden space 16640K, 100% used [0xd1ac0000,0xd2b00000,0xd2b00000)
  from space 2560K, 99% used [0xd3dc0000,0xd403cd98,0xd4040000)
  to   space 2560K, 0% used [0xd2b00000,0xd2b00000,0xd2d80000)
 ParOldGen       total 43776K, used 4066K [0xa7000000, 0xa9ac0000, 0xd1ac0000)
  object space 43776K, 9% used [0xa7000000,0xa73f89b0,0xa9ac0000)
 Metaspace       used 10960K, capacity 11545K, committed 11672K, reserved 12592K
Event: 732,411 GC heap after
Heap after GC invocations=3 (full 0):
 PSYoungGen      total 19200K, used 2555K [0xd1ac0000, 0xd3e00000, 0xe7000000)
  eden space 16640K, 0% used [0xd1ac0000,0xd1ac0000,0xd2b00000)
  from space 2560K, 99% used [0xd2b00000,0xd2d7eda8,0xd2d80000)
  to   space 2560K, 0% used [0xd3b80000,0xd3b80000,0xd3e00000)
 ParOldGen       total 43776K, used 5546K [0xa7000000, 0xa9ac0000, 0xd1ac0000)
  object space 43776K, 12% used [0xa7000000,0xa756a988,0xa9ac0000)
 Metaspace       used 10960K, capacity 11545K, committed 11672K, reserved 12592K
}
Event: 751,725 GC heap before
{Heap before GC invocations=4 (full 0):
 PSYoungGen      total 19200K, used 19195K [0xd1ac0000, 0xd3e00000, 0xe7000000)
  eden space 16640K, 100% used [0xd1ac0000,0xd2b00000,0xd2b00000)
  from space 2560K, 99% used [0xd2b00000,0xd2d7eda8,0xd2d80000)
  to   space 2560K, 0% used [0xd3b80000,0xd3b80000,0xd3e00000)
 ParOldGen       total 43776K, used 5546K [0xa7000000, 0xa9ac0000, 0xd1ac0000)
  object space 43776K, 12% used [0xa7000000,0xa756a988,0xa9ac0000)
 Metaspace       used 11044K, capacity 11643K, committed 11672K, reserved 12592K
Event: 751,730 GC heap after
Heap after GC invocations=4 (full 0):
 PSYoungGen      total 19200K, used 2557K [0xd1ac0000, 0xd3e00000, 0xe7000000)
  eden space 16640K, 0% used [0xd1ac0000,0xd1ac0000,0xd2b00000)
  from space 2560K, 99% used [0xd3b80000,0xd3dff5f0,0xd3e00000)
  to   space 2560K, 0% used [0xd2b00000,0xd2b00000,0xd2d80000)
 ParOldGen       total 43776K, used 6106K [0xa7000000, 0xa9ac0000, 0xd1ac0000)
  object space 43776K, 13% used [0xa7000000,0xa75f6988,0xa9ac0000)
 Metaspace       used 11044K, capacity 11643K, committed 11672K, reserved 12592K
}
Event: 805,052 GC heap before
{Heap before GC invocations=5 (full 0):
 PSYoungGen      total 19200K, used 19197K [0xd1ac0000, 0xd3e00000, 0xe7000000)
  eden space 16640K, 100% used [0xd1ac0000,0xd2b00000,0xd2b00000)
  from space 2560K, 99% used [0xd3b80000,0xd3dff5f0,0xd3e00000)
  to   space 2560K, 0% used [0xd2b00000,0xd2b00000,0xd2d80000)
 ParOldGen       total 43776K, used 6106K [0xa7000000, 0xa9ac0000, 0xd1ac0000)
  object space 43776K, 13% used [0xa7000000,0xa75f6988,0xa9ac0000)
 Metaspace       used 11593K, capacity 12180K, committed 12312K, reserved 12592K
Event: 805,058 GC heap after
Heap after GC invocations=5 (full 0):
 PSYoungGen      total 18944K, used 2557K [0xd1ac0000, 0xd3bc0000, 0xe7000000)
  eden space 16384K, 0% used [0xd1ac0000,0xd1ac0000,0xd2ac0000)
  from space 2560K, 99% used [0xd2b00000,0xd2d7f7f0,0xd2d80000)
  to   space 6144K, 0% used [0xd35c0000,0xd35c0000,0xd3bc0000)
 ParOldGen       total 43776K, used 7168K [0xa7000000, 0xa9ac0000, 0xd1ac0000)
  object space 43776K, 16% used [0xa7000000,0xa7700358,0xa9ac0000)
 Metaspace       used 11593K, capacity 12180K, committed 12312K, reserved 12592K
}

