# JRE version: Java(TM) SE Runtime Environment (8.0_91-b14) (build 1.8.0_91-b14)
# Java VM: Java HotSpot(TM) Server VM (25.91-b14 mixed mode linux-x86 )
Heap:
 PSYoungGen      total 19200K, used 11532K [0xd1ac0000, 0xd3e00000, 0xe7000000)
  eden space 16640K, 53% used [0xd1ac0000,0xd2385ca8,0xd2b00000)
  from space 2560K, 99% used [0xd2b00000,0xd2d7d680,0xd2d80000)
  to   space 2560K, 0% used [0xd3b80000,0xd3b80000,0xd3e00000)
 ParOldGen       total 43776K, used 4150K [0xa7000000, 0xa9ac0000, 0xd1ac0000)
  object space 43776K, 9% used [0xa7000000,0xa740db28,0xa9ac0000)
 Metaspace       used 10540K, capacity 11140K, committed 11160K, reserved 11568K
GC Heap History (6 events):
Event: 0,366 GC heap before
{Heap before GC invocations=1 (full 0):
 PSYoungGen      total 19200K, used 16640K [0xd1ac0000, 0xd3000000, 0xe7000000)
  eden space 16640K, 100% used [0xd1ac0000,0xd2b00000,0xd2b00000)
  from space 2560K, 0% used [0xd2d80000,0xd2d80000,0xd3000000)
  to   space 2560K, 0% used [0xd2b00000,0xd2b00000,0xd2d80000)
 ParOldGen       total 43776K, used 0K [0xa7000000, 0xa9ac0000, 0xd1ac0000)
  object space 43776K, 0% used [0xa7000000,0xa7000000,0xa9ac0000)
 Metaspace       used 7577K, capacity 7982K, committed 8088K, reserved 8496K
Event: 0,371 GC heap after
Heap after GC invocations=1 (full 0):
 PSYoungGen      total 19200K, used 2260K [0xd1ac0000, 0xd4040000, 0xe7000000)
  eden space 16640K, 0% used [0xd1ac0000,0xd1ac0000,0xd2b00000)
  from space 2560K, 88% used [0xd2b00000,0xd2d35048,0xd2d80000)
  to   space 2560K, 0% used [0xd3dc0000,0xd3dc0000,0xd4040000)
 ParOldGen       total 43776K, used 4K [0xa7000000, 0xa9ac0000, 0xd1ac0000)
  object space 43776K, 0% used [0xa7000000,0xa7001000,0xa9ac0000)
 Metaspace       used 7577K, capacity 7982K, committed 8088K, reserved 8496K
}
Event: 5,171 GC heap before
{Heap before GC invocations=2 (full 0):
 PSYoungGen      total 19200K, used 18900K [0xd1ac0000, 0xd4040000, 0xe7000000)
  eden space 16640K, 100% used [0xd1ac0000,0xd2b00000,0xd2b00000)
  from space 2560K, 88% used [0xd2b00000,0xd2d35048,0xd2d80000)
  to   space 2560K, 0% used [0xd3dc0000,0xd3dc0000,0xd4040000)
 ParOldGen       total 43776K, used 4K [0xa7000000, 0xa9ac0000, 0xd1ac0000)
  object space 43776K, 0% used [0xa7000000,0xa7001000,0xa9ac0000)
 Metaspace       used 10492K, capacity 11076K, committed 11160K, reserved 11568K
Event: 5,176 GC heap after
Heap after GC invocations=2 (full 0):
 PSYoungGen      total 19200K, used 2551K [0xd1ac0000, 0xd4040000, 0xe7000000)
  eden space 16640K, 0% used [0xd1ac0000,0xd1ac0000,0xd2b00000)
  from space 2560K, 99% used [0xd3dc0000,0xd403df98,0xd4040000)
  to   space 2560K, 0% used [0xd2b00000,0xd2b00000,0xd2d80000)
 ParOldGen       total 43776K, used 4062K [0xa7000000, 0xa9ac0000, 0xd1ac0000)
  object space 43776K, 9% used [0xa7000000,0xa73f7b18,0xa9ac0000)
 Metaspace       used 10492K, capacity 11076K, committed 11160K, reserved 11568K
}
Event: 258,505 GC heap before
{Heap before GC invocations=3 (full 0):
 PSYoungGen      total 19200K, used 19191K [0xd1ac0000, 0xd4040000, 0xe7000000)
  eden space 16640K, 100% used [0xd1ac0000,0xd2b00000,0xd2b00000)
  from space 2560K, 99% used [0xd3dc0000,0xd403df98,0xd4040000)
  to   space 2560K, 0% used [0xd2b00000,0xd2b00000,0xd2d80000)
 ParOldGen       total 43776K, used 4062K [0xa7000000, 0xa9ac0000, 0xd1ac0000)
  object space 43776K, 9% used [0xa7000000,0xa73f7b18,0xa9ac0000)
 Metaspace       used 10535K, capacity 11140K, committed 11160K, reserved 11568K
Event: 258,509 GC heap after
Heap after GC invocations=3 (full 0):
 PSYoungGen      total 19200K, used 2549K [0xd1ac0000, 0xd3e00000, 0xe7000000)
  eden space 16640K, 0% used [0xd1ac0000,0xd1ac0000,0xd2b00000)
  from space 2560K, 99% used [0xd2b00000,0xd2d7d680,0xd2d80000)
  to   space 2560K, 0% used [0xd3b80000,0xd3b80000,0xd3e00000)
 ParOldGen       total 43776K, used 4150K [0xa7000000, 0xa9ac0000, 0xd1ac0000)
  object space 43776K, 9% used [0xa7000000,0xa740db28,0xa9ac0000)
 Metaspace       used 10535K, capacity 11140K, committed 11160K, reserved 11568K
}

